10:18:27.451 - create servoDerivedDict
10:18:27.486 - marvinData initialized
10:18:27.487 - start shareDataUpdateQueue thread
10:18:27.488 - marvinData: shareManager instanciated, mg.SHARED_DATA_PORT=50000
10:18:27.489 - marvinData: registered, wait for shared data update requests
10:18:27.489 - -----------------
10:18:45.122 - servoName='leftArm.rotate' now inRequestList
10:18:45.125 - servoName='leftArm.shoulder' now inRequestList
10:18:45.127 - servoName='leftArm.bicep' now inRequestList
10:18:45.129 - servoName='leftArm.omoplate' now inRequestList
10:18:45.130 - servoName='leftHand.thumb' now inRequestList
10:18:45.130 - servoName='leftHand.index' now inRequestList
10:18:45.131 - servoName='leftHand.majeure' now inRequestList
10:18:45.132 - servoName='leftHand.ringFinger' now inRequestList
10:18:45.133 - servoName='leftHand.pinky' now inRequestList
10:18:45.134 - servoName='leftHand.wrist' now inRequestList
10:18:45.135 - servoName='head.eyeX' now inRequestList
10:18:45.136 - servoName='head.eyeY' now inRequestList
10:18:45.137 - servoName='head.rothead' now inRequestList
10:18:45.138 - servoName='head.neck' now inRequestList
10:18:47.814 - servoName='rightArm.bicep' now inRequestList
10:18:47.816 - servoName='rightArm.rotate' now inRequestList
10:18:47.820 - servoName='rightArm.shoulder' now inRequestList
10:18:47.822 - servoName='rightArm.omoplate' now inRequestList
10:18:47.823 - servoName='rightHand.thumb' now inRequestList
10:18:47.824 - servoName='rightHand.index' now inRequestList
10:18:47.825 - servoName='rightHand.majeure' now inRequestList
10:18:47.826 - servoName='rightHand.ringFinger' now inRequestList
10:18:47.828 - servoName='rightHand.pinky' now inRequestList
10:18:47.829 - servoName='rightHand.wrist' now inRequestList
10:18:48.009 - servoName='leftArm.rotate' not inRequestList any more
10:18:48.027 - servoName='leftArm.shoulder' not inRequestList any more
10:18:48.155 - servoName='leftArm.bicep' not inRequestList any more
10:18:48.170 - servoName='leftArm.omoplate' not inRequestList any more
10:18:48.293 - servoName='leftHand.thumb' not inRequestList any more
10:18:48.303 - servoName='leftHand.index' not inRequestList any more
10:18:48.448 - servoName='leftHand.ringFinger' not inRequestList any more
10:18:48.458 - servoName='leftHand.pinky' not inRequestList any more
10:18:48.579 - servoName='leftHand.wrist' not inRequestList any more
10:18:48.587 - servoName='head.eyeX' not inRequestList any more
10:18:48.705 - servoName='head.eyeY' not inRequestList any more
10:18:48.714 - servoName='head.rothead' not inRequestList any more
10:18:48.828 - servoName='head.neck' not inRequestList any more
10:18:48.866 - servoName='rightArm.bicep' not inRequestList any more
10:18:48.987 - servoName='rightArm.rotate' not inRequestList any more
10:18:48.997 - servoName='rightArm.shoulder' not inRequestList any more
10:18:49.113 - servoName='rightArm.omoplate' not inRequestList any more
10:18:49.123 - servoName='rightHand.thumb' not inRequestList any more
10:18:49.237 - servoName='rightHand.index' not inRequestList any more
10:18:49.246 - servoName='rightHand.majeure' not inRequestList any more
10:18:49.365 - servoName='rightHand.ringFinger' not inRequestList any more
10:18:49.371 - servoName='rightHand.pinky' not inRequestList any more
10:18:49.502 - servoName='rightHand.wrist' not inRequestList any more
10:19:00.835 - error in dict update: {'cmd': <SharedDataItem.PROCESS: 10>, 'sender': 'marvinGui', 'info': {'processName': 'marvinGui', 'running': True, 'lastUpdate': 1614071940.8332462}}, line: 323, e=KeyError('running')
10:19:11.549 - servoName='rightHand.thumb' now inRequestList
10:19:12.721 - servoName='rightHand.thumb' not inRequestList any more
10:19:18.475 - servoName='rightHand.thumb' now inRequestList
10:19:19.548 - servoName='rightHand.thumb' not inRequestList any more
10:19:54.617 - servoName='rightHand.thumb' now inRequestList
10:19:54.756 - servoName='rightHand.thumb' not inRequestList any more
10:20:01.578 - servoName='rightHand.thumb' now inRequestList
10:20:02.682 - servoName='rightHand.thumb' not inRequestList any more
10:23:54.981 - servoName='leftHand.majeure' not inRequestList any more
10:23:58.545 - servoName='leftArm.rotate' now inRequestList
10:23:58.548 - servoName='leftArm.shoulder' now inRequestList
10:23:58.552 - servoName='leftArm.bicep' now inRequestList
10:23:58.554 - servoName='leftArm.omoplate' now inRequestList
10:23:58.555 - servoName='leftHand.thumb' now inRequestList
10:23:58.557 - servoName='leftHand.index' now inRequestList
10:23:58.558 - servoName='leftHand.majeure' now inRequestList
10:23:58.560 - servoName='leftHand.ringFinger' now inRequestList
10:23:58.562 - servoName='leftHand.pinky' now inRequestList
10:23:58.565 - servoName='leftHand.wrist' now inRequestList
10:23:58.567 - servoName='head.eyeX' now inRequestList
10:23:58.568 - servoName='head.eyeY' now inRequestList
10:23:58.570 - servoName='head.rothead' now inRequestList
10:23:58.572 - servoName='head.neck' now inRequestList
10:24:01.210 - servoName='rightArm.bicep' now inRequestList
10:24:01.214 - servoName='rightArm.rotate' now inRequestList
10:24:01.217 - servoName='rightArm.shoulder' now inRequestList
10:24:01.219 - servoName='rightArm.omoplate' now inRequestList
10:24:01.221 - servoName='rightHand.thumb' now inRequestList
10:24:01.222 - servoName='rightHand.index' now inRequestList
10:24:01.225 - servoName='rightHand.majeure' now inRequestList
10:24:01.227 - servoName='rightHand.ringFinger' now inRequestList
10:24:01.230 - servoName='rightHand.pinky' now inRequestList
10:24:01.230 - servoName='rightHand.wrist' now inRequestList
10:24:01.388 - servoName='leftArm.rotate' not inRequestList any more
10:24:01.513 - servoName='leftArm.bicep' not inRequestList any more
10:24:01.636 - servoName='leftHand.thumb' not inRequestList any more
10:24:01.764 - servoName='leftHand.majeure' not inRequestList any more
10:24:01.889 - servoName='leftHand.pinky' not inRequestList any more
10:24:02.014 - servoName='head.eyeX' not inRequestList any more
10:24:02.139 - servoName='head.rothead' not inRequestList any more
10:24:02.224 - servoName='rightArm.bicep' not inRequestList any more
10:24:02.344 - servoName='rightArm.rotate' not inRequestList any more
10:24:02.351 - servoName='rightArm.shoulder' not inRequestList any more
10:24:02.468 - servoName='rightArm.omoplate' not inRequestList any more
10:24:02.478 - servoName='rightHand.thumb' not inRequestList any more
10:24:02.608 - servoName='rightHand.index' not inRequestList any more
10:24:02.615 - servoName='rightHand.majeure' not inRequestList any more
10:24:02.734 - servoName='rightHand.ringFinger' not inRequestList any more
10:24:02.744 - servoName='rightHand.pinky' not inRequestList any more
10:24:02.860 - servoName='rightHand.wrist' not inRequestList any more
10:24:33.103 - servoName='leftArm.shoulder' not inRequestList any more
10:24:33.111 - servoName='leftArm.omoplate' not inRequestList any more
10:24:33.114 - servoName='leftHand.index' not inRequestList any more
10:24:33.118 - servoName='leftHand.ringFinger' not inRequestList any more
10:24:33.120 - servoName='leftHand.wrist' not inRequestList any more
10:24:33.137 - servoName='head.eyeY' not inRequestList any more
10:24:33.141 - servoName='head.neck' not inRequestList any more
10:24:35.115 - servoName='head.rothead' now inRequestList
10:24:35.177 - servoName='head.neck' now inRequestList
10:24:36.454 - servoName='head.neck' not inRequestList any more
10:24:38.328 - servoName='head.rothead' not inRequestList any more
10:26:31.386 - servoName='head.rothead' now inRequestList
10:26:31.448 - servoName='head.neck' now inRequestList
10:26:34.596 - servoName='head.rothead' not inRequestList any more
10:26:42.053 - servoName='rightHand.thumb' now inRequestList
10:26:43.698 - servoName='rightHand.thumb' not inRequestList any more
11:06:26.409 - servoName='head.neck' not inRequestList any more
11:06:28.906 - servoName='leftArm.rotate' now inRequestList
11:06:28.909 - servoName='leftArm.shoulder' now inRequestList
11:06:28.914 - servoName='leftArm.bicep' now inRequestList
11:06:28.915 - servoName='leftArm.omoplate' now inRequestList
11:06:28.917 - servoName='leftHand.thumb' now inRequestList
11:06:28.919 - servoName='leftHand.index' now inRequestList
11:06:28.922 - servoName='leftHand.majeure' now inRequestList
11:06:28.925 - servoName='leftHand.ringFinger' now inRequestList
11:06:28.928 - servoName='leftHand.pinky' now inRequestList
11:06:28.929 - servoName='leftHand.wrist' now inRequestList
11:06:28.932 - servoName='head.eyeX' now inRequestList
11:06:28.934 - servoName='head.eyeY' now inRequestList
11:06:28.936 - servoName='head.rothead' now inRequestList
11:06:28.940 - servoName='head.neck' now inRequestList
11:06:30.967 - servoName='rightArm.bicep' now inRequestList
11:06:30.973 - servoName='rightArm.rotate' now inRequestList
11:06:30.977 - servoName='rightArm.shoulder' now inRequestList
11:06:30.981 - servoName='rightArm.omoplate' now inRequestList
11:06:30.986 - servoName='rightHand.thumb' now inRequestList
11:06:30.990 - servoName='rightHand.index' now inRequestList
11:06:30.993 - servoName='rightHand.majeure' now inRequestList
11:06:30.996 - servoName='rightHand.ringFinger' now inRequestList
11:06:31.001 - servoName='rightHand.pinky' now inRequestList
11:06:31.007 - servoName='rightHand.wrist' now inRequestList
11:06:31.082 - servoName='leftArm.rotate' not inRequestList any more
11:06:31.205 - servoName='leftArm.shoulder' not inRequestList any more
11:06:31.219 - servoName='leftArm.bicep' not inRequestList any more
11:06:31.232 - servoName='leftArm.omoplate' not inRequestList any more
11:06:31.347 - servoName='leftHand.thumb' not inRequestList any more
11:06:31.359 - servoName='leftHand.index' not inRequestList any more
11:06:31.476 - servoName='leftHand.majeure' not inRequestList any more
11:06:31.495 - servoName='leftHand.ringFinger' not inRequestList any more
11:06:31.601 - servoName='leftHand.pinky' not inRequestList any more
11:06:31.611 - servoName='leftHand.wrist' not inRequestList any more
11:06:31.732 - servoName='head.eyeX' not inRequestList any more
11:06:31.753 - servoName='head.eyeY' not inRequestList any more
11:06:31.869 - servoName='head.rothead' not inRequestList any more
11:06:31.879 - servoName='head.neck' not inRequestList any more
11:06:31.919 - servoName='rightArm.bicep' not inRequestList any more
11:06:31.929 - servoName='rightArm.rotate' not inRequestList any more
11:06:32.044 - servoName='rightArm.shoulder' not inRequestList any more
11:06:32.057 - servoName='rightArm.omoplate' not inRequestList any more
11:06:32.173 - servoName='rightHand.thumb' not inRequestList any more
11:06:32.191 - servoName='rightHand.index' not inRequestList any more
11:06:32.311 - servoName='rightHand.majeure' not inRequestList any more
11:06:32.324 - servoName='rightHand.ringFinger' not inRequestList any more
11:06:32.439 - servoName='rightHand.pinky' not inRequestList any more
11:06:32.457 - servoName='rightHand.wrist' not inRequestList any more
11:06:54.903 - servoName='head.rothead' now inRequestList
11:06:54.907 - servoName='head.neck' now inRequestList
11:06:57.222 - servoName='head.neck' not inRequestList any more
11:06:57.888 - servoName='head.rothead' not inRequestList any more
11:06:57.948 - servoName='rightHand.thumb' now inRequestList
11:06:59.541 - servoName='rightHand.thumb' not inRequestList any more
11:10:52.679 - servoName='head.rothead' now inRequestList
11:10:52.687 - servoName='head.neck' now inRequestList
11:10:54.924 - servoName='head.neck' not inRequestList any more
11:10:55.687 - servoName='head.rothead' not inRequestList any more
11:10:55.731 - servoName='rightHand.thumb' now inRequestList
11:10:57.370 - servoName='rightHand.thumb' not inRequestList any more
11:15:33.225 - servoName='rightHand.index' now inRequestList
11:15:33.692 - servoName='rightHand.index' not inRequestList any more
11:15:33.694 - servoName='rightHand.index' now inRequestList
11:15:34.899 - servoName='rightHand.index' not inRequestList any more
11:15:34.903 - servoName='rightHand.index' now inRequestList
11:15:35.999 - servoName='rightHand.index' not inRequestList any more
11:15:36.002 - servoName='rightHand.index' now inRequestList
11:15:36.991 - servoName='rightHand.index' not inRequestList any more
11:15:36.992 - servoName='rightHand.index' now inRequestList
11:15:37.985 - servoName='rightHand.index' not inRequestList any more
11:15:37.988 - servoName='rightHand.index' now inRequestList
11:15:38.980 - servoName='rightHand.index' not inRequestList any more
11:15:38.981 - servoName='rightHand.index' now inRequestList
11:15:39.976 - servoName='rightHand.index' not inRequestList any more
11:15:39.977 - servoName='rightHand.index' now inRequestList
11:15:40.963 - servoName='rightHand.index' not inRequestList any more
11:15:40.966 - servoName='rightHand.index' now inRequestList
11:15:42.061 - servoName='rightHand.index' not inRequestList any more
11:15:42.062 - servoName='rightHand.index' now inRequestList
11:15:43.054 - servoName='rightHand.index' not inRequestList any more
11:15:43.057 - servoName='rightHand.index' now inRequestList
11:15:44.044 - servoName='rightHand.index' not inRequestList any more
11:15:44.046 - servoName='rightHand.index' now inRequestList
11:15:45.037 - servoName='rightHand.index' not inRequestList any more
11:15:45.039 - servoName='rightHand.index' now inRequestList
11:15:46.034 - servoName='rightHand.index' not inRequestList any more
11:15:46.037 - servoName='rightHand.index' now inRequestList
11:15:47.024 - servoName='rightHand.index' not inRequestList any more
11:15:47.026 - servoName='rightHand.index' now inRequestList
11:15:48.019 - servoName='rightHand.index' not inRequestList any more
11:15:48.022 - servoName='rightHand.index' now inRequestList
11:15:49.011 - servoName='rightHand.index' not inRequestList any more
11:15:49.012 - servoName='rightHand.index' now inRequestList
11:15:50.115 - servoName='rightHand.index' not inRequestList any more
11:15:50.118 - servoName='rightHand.index' now inRequestList
11:15:51.106 - servoName='rightHand.index' not inRequestList any more
11:15:51.110 - servoName='rightHand.index' now inRequestList
11:15:52.107 - servoName='rightHand.index' not inRequestList any more
11:15:52.111 - servoName='rightHand.index' now inRequestList
11:15:53.100 - servoName='rightHand.index' not inRequestList any more
11:15:53.101 - servoName='rightHand.index' now inRequestList
11:15:54.090 - servoName='rightHand.index' not inRequestList any more
11:15:54.092 - servoName='rightHand.index' now inRequestList
11:15:55.080 - servoName='rightHand.index' not inRequestList any more
11:15:55.084 - servoName='rightHand.index' now inRequestList
11:15:56.074 - servoName='rightHand.index' not inRequestList any more
11:15:56.078 - servoName='rightHand.index' now inRequestList
11:15:57.174 - servoName='rightHand.index' not inRequestList any more
11:15:57.176 - servoName='rightHand.index' now inRequestList
11:15:58.166 - servoName='rightHand.index' not inRequestList any more
11:15:58.169 - servoName='rightHand.index' now inRequestList
11:15:59.157 - servoName='rightHand.index' not inRequestList any more
11:15:59.160 - servoName='rightHand.index' now inRequestList
11:16:00.154 - servoName='rightHand.index' not inRequestList any more
11:16:00.157 - servoName='rightHand.index' now inRequestList
11:16:01.143 - servoName='rightHand.index' not inRequestList any more
11:16:01.146 - servoName='rightHand.index' now inRequestList
11:16:02.137 - servoName='rightHand.index' not inRequestList any more
11:16:02.138 - servoName='rightHand.index' now inRequestList
11:16:03.127 - servoName='rightHand.index' not inRequestList any more
11:16:03.128 - servoName='rightHand.index' now inRequestList
11:16:04.228 - servoName='rightHand.index' not inRequestList any more
11:16:04.230 - servoName='rightHand.index' now inRequestList
11:16:05.221 - servoName='rightHand.index' not inRequestList any more
11:16:05.223 - servoName='rightHand.index' now inRequestList
11:16:06.209 - servoName='rightHand.index' not inRequestList any more
11:16:06.212 - servoName='rightHand.index' now inRequestList
11:16:07.200 - servoName='rightHand.index' not inRequestList any more
11:16:07.202 - servoName='rightHand.index' now inRequestList
11:16:08.195 - servoName='rightHand.index' not inRequestList any more
11:16:08.198 - servoName='rightHand.index' now inRequestList
11:16:09.187 - servoName='rightHand.index' not inRequestList any more
11:16:09.190 - servoName='rightHand.index' now inRequestList
11:16:10.184 - servoName='rightHand.index' not inRequestList any more
11:16:10.188 - servoName='rightHand.index' now inRequestList
11:16:11.280 - servoName='rightHand.index' not inRequestList any more
11:16:11.282 - servoName='rightHand.index' now inRequestList
11:16:12.273 - servoName='rightHand.index' not inRequestList any more
11:16:12.274 - servoName='rightHand.index' now inRequestList
11:16:13.263 - servoName='rightHand.index' not inRequestList any more
11:16:13.266 - servoName='rightHand.index' now inRequestList
11:16:14.259 - servoName='rightHand.index' not inRequestList any more
11:16:14.261 - servoName='rightHand.index' now inRequestList
11:16:15.248 - servoName='rightHand.index' not inRequestList any more
11:16:15.251 - servoName='rightHand.index' now inRequestList
11:16:16.241 - servoName='rightHand.index' not inRequestList any more
11:16:16.244 - servoName='rightHand.index' now inRequestList
11:16:19.099 - servoName='rightHand.index' not inRequestList any more
11:17:50.307 - servoName='rightHand.thumb' now inRequestList
11:17:51.472 - servoName='rightHand.thumb' not inRequestList any more
11:17:56.615 - servoName='rightHand.index' now inRequestList
11:17:57.095 - servoName='rightHand.index' not inRequestList any more
11:17:57.097 - servoName='rightHand.index' now inRequestList
11:17:58.314 - servoName='rightHand.index' not inRequestList any more
11:17:58.317 - servoName='rightHand.index' now inRequestList
11:17:59.308 - servoName='rightHand.index' not inRequestList any more
11:17:59.309 - servoName='rightHand.index' now inRequestList
11:18:00.407 - servoName='rightHand.index' not inRequestList any more
11:18:00.409 - servoName='rightHand.index' now inRequestList
11:18:01.398 - servoName='rightHand.index' not inRequestList any more
11:18:01.401 - servoName='rightHand.index' now inRequestList
11:18:02.390 - servoName='rightHand.index' not inRequestList any more
11:18:02.393 - servoName='rightHand.index' now inRequestList
11:18:03.387 - servoName='rightHand.index' not inRequestList any more
11:18:03.388 - servoName='rightHand.index' now inRequestList
11:18:04.382 - servoName='rightHand.index' not inRequestList any more
11:18:04.384 - servoName='rightHand.index' now inRequestList
11:18:05.374 - servoName='rightHand.index' not inRequestList any more
11:18:05.376 - servoName='rightHand.index' now inRequestList
11:18:06.365 - servoName='rightHand.index' not inRequestList any more
11:18:06.366 - servoName='rightHand.index' now inRequestList
11:18:07.461 - servoName='rightHand.index' not inRequestList any more
11:18:07.462 - servoName='rightHand.index' now inRequestList
11:18:08.459 - servoName='rightHand.index' not inRequestList any more
11:18:08.461 - servoName='rightHand.index' now inRequestList
11:18:09.450 - servoName='rightHand.index' not inRequestList any more
11:18:09.454 - servoName='rightHand.index' now inRequestList
11:18:10.451 - servoName='rightHand.index' not inRequestList any more
11:18:10.453 - servoName='rightHand.index' now inRequestList
11:18:11.441 - servoName='rightHand.index' not inRequestList any more
11:18:11.444 - servoName='rightHand.index' now inRequestList
11:18:12.432 - servoName='rightHand.index' not inRequestList any more
11:18:12.433 - servoName='rightHand.index' now inRequestList
11:18:13.424 - servoName='rightHand.index' not inRequestList any more
11:18:13.428 - servoName='rightHand.index' now inRequestList
11:18:14.524 - servoName='rightHand.index' not inRequestList any more
11:18:14.528 - servoName='rightHand.index' now inRequestList
11:18:15.518 - servoName='rightHand.index' not inRequestList any more
11:18:15.519 - servoName='rightHand.index' now inRequestList
11:18:16.507 - servoName='rightHand.index' not inRequestList any more
11:18:16.509 - servoName='rightHand.index' now inRequestList
11:18:17.502 - servoName='rightHand.index' not inRequestList any more
11:18:17.503 - servoName='rightHand.index' now inRequestList
11:18:18.492 - servoName='rightHand.index' not inRequestList any more
11:18:18.495 - servoName='rightHand.index' now inRequestList
11:18:19.493 - servoName='rightHand.index' not inRequestList any more
11:18:19.495 - servoName='rightHand.index' now inRequestList
11:18:20.487 - servoName='rightHand.index' not inRequestList any more
11:18:20.489 - servoName='rightHand.index' now inRequestList
11:18:21.482 - servoName='rightHand.index' not inRequestList any more
11:18:21.484 - servoName='rightHand.index' now inRequestList
11:18:22.585 - servoName='rightHand.index' not inRequestList any more
11:18:22.588 - servoName='rightHand.index' now inRequestList
11:18:23.575 - servoName='rightHand.index' not inRequestList any more
11:18:23.576 - servoName='rightHand.index' now inRequestList
11:18:24.573 - servoName='rightHand.index' not inRequestList any more
11:18:24.575 - servoName='rightHand.index' now inRequestList
11:18:25.575 - servoName='rightHand.index' not inRequestList any more
11:18:25.579 - servoName='rightHand.index' now inRequestList
11:18:26.569 - servoName='rightHand.index' not inRequestList any more
11:18:26.572 - servoName='rightHand.index' now inRequestList
11:18:27.559 - servoName='rightHand.index' not inRequestList any more
11:18:27.561 - servoName='rightHand.index' now inRequestList
11:18:28.552 - servoName='rightHand.index' not inRequestList any more
11:18:28.553 - servoName='rightHand.index' now inRequestList
11:18:29.653 - servoName='rightHand.index' not inRequestList any more
11:18:29.655 - servoName='rightHand.index' now inRequestList
11:18:30.642 - servoName='rightHand.index' not inRequestList any more
11:18:30.646 - servoName='rightHand.index' now inRequestList
11:18:31.634 - servoName='rightHand.index' not inRequestList any more
11:18:31.636 - servoName='rightHand.index' now inRequestList
11:18:32.628 - servoName='rightHand.index' not inRequestList any more
11:18:32.632 - servoName='rightHand.index' now inRequestList
11:18:33.625 - servoName='rightHand.index' not inRequestList any more
11:18:33.629 - servoName='rightHand.index' now inRequestList
11:18:34.615 - servoName='rightHand.index' not inRequestList any more
11:18:34.617 - servoName='rightHand.index' now inRequestList
11:18:35.611 - servoName='rightHand.index' not inRequestList any more
11:18:35.613 - servoName='rightHand.index' now inRequestList
11:18:36.602 - servoName='rightHand.index' not inRequestList any more
11:18:36.606 - servoName='rightHand.index' now inRequestList
11:18:37.704 - servoName='rightHand.index' not inRequestList any more
11:18:37.708 - servoName='rightHand.index' now inRequestList
11:18:38.693 - servoName='rightHand.index' not inRequestList any more
11:18:38.695 - servoName='rightHand.index' now inRequestList
11:18:39.692 - servoName='rightHand.index' not inRequestList any more
11:18:39.695 - servoName='rightHand.index' now inRequestList
11:18:40.683 - servoName='rightHand.index' not inRequestList any more
11:18:40.685 - servoName='rightHand.index' now inRequestList
11:18:41.675 - servoName='rightHand.index' not inRequestList any more
11:18:41.678 - servoName='rightHand.index' now inRequestList
11:18:42.666 - servoName='rightHand.index' not inRequestList any more
11:18:42.668 - servoName='rightHand.index' now inRequestList
11:18:43.770 - servoName='rightHand.index' not inRequestList any more
11:18:43.773 - servoName='rightHand.index' now inRequestList
11:18:44.760 - servoName='rightHand.index' not inRequestList any more
11:18:44.762 - servoName='rightHand.index' now inRequestList
11:18:45.754 - servoName='rightHand.index' not inRequestList any more
11:18:45.757 - servoName='rightHand.index' now inRequestList
11:18:46.751 - servoName='rightHand.index' not inRequestList any more
11:18:46.754 - servoName='rightHand.index' now inRequestList
11:18:47.736 - servoName='rightHand.index' not inRequestList any more
11:18:47.739 - servoName='rightHand.index' now inRequestList
11:18:48.735 - servoName='rightHand.index' not inRequestList any more
11:18:48.737 - servoName='rightHand.index' now inRequestList
11:18:49.725 - servoName='rightHand.index' not inRequestList any more
11:18:49.727 - servoName='rightHand.index' now inRequestList
11:18:50.721 - servoName='rightHand.index' not inRequestList any more
11:18:50.723 - servoName='rightHand.index' now inRequestList
11:18:51.823 - servoName='rightHand.index' not inRequestList any more
11:18:51.825 - servoName='rightHand.index' now inRequestList
11:18:52.814 - servoName='rightHand.index' not inRequestList any more
11:18:52.816 - servoName='rightHand.index' now inRequestList
11:18:53.813 - servoName='rightHand.index' not inRequestList any more
11:18:53.815 - servoName='rightHand.index' now inRequestList
11:18:54.804 - servoName='rightHand.index' not inRequestList any more
11:18:54.806 - servoName='rightHand.index' now inRequestList
11:18:55.797 - servoName='rightHand.index' not inRequestList any more
11:18:55.800 - servoName='rightHand.index' now inRequestList
11:18:56.790 - servoName='rightHand.index' not inRequestList any more
11:18:56.792 - servoName='rightHand.index' now inRequestList
11:18:57.886 - servoName='rightHand.index' not inRequestList any more
11:18:57.890 - servoName='rightHand.index' now inRequestList
11:18:58.881 - servoName='rightHand.index' not inRequestList any more
11:18:58.884 - servoName='rightHand.index' now inRequestList
11:18:59.871 - servoName='rightHand.index' not inRequestList any more
11:18:59.872 - servoName='rightHand.index' now inRequestList
11:19:00.868 - servoName='rightHand.index' not inRequestList any more
11:19:00.873 - servoName='rightHand.index' now inRequestList
11:19:01.854 - servoName='rightHand.index' not inRequestList any more
11:19:01.857 - servoName='rightHand.index' now inRequestList
11:19:02.852 - servoName='rightHand.index' not inRequestList any more
11:19:02.855 - servoName='rightHand.index' now inRequestList
11:19:03.843 - servoName='rightHand.index' not inRequestList any more
11:19:03.844 - servoName='rightHand.index' now inRequestList
11:19:04.937 - servoName='rightHand.index' not inRequestList any more
11:19:04.939 - servoName='rightHand.index' now inRequestList
11:19:05.930 - servoName='rightHand.index' not inRequestList any more
11:19:05.935 - servoName='rightHand.index' now inRequestList
11:19:06.914 - servoName='rightHand.index' not inRequestList any more
11:19:06.916 - servoName='rightHand.index' now inRequestList
11:19:10.556 - servoName='rightHand.index' not inRequestList any more
11:37:04.202 - servoName='rightHand.index' now inRequestList
11:37:04.625 - servoName='rightHand.index' not inRequestList any more
11:37:04.627 - servoName='rightHand.index' now inRequestList
11:37:05.957 - servoName='rightHand.index' not inRequestList any more
11:37:05.960 - servoName='rightHand.index' now inRequestList
11:37:06.946 - servoName='rightHand.index' not inRequestList any more
11:37:06.948 - servoName='rightHand.index' now inRequestList
11:37:07.940 - servoName='rightHand.index' not inRequestList any more
11:37:07.941 - servoName='rightHand.index' now inRequestList
11:37:08.934 - servoName='rightHand.index' not inRequestList any more
11:37:08.937 - servoName='rightHand.index' now inRequestList
11:37:09.926 - servoName='rightHand.index' not inRequestList any more
11:37:09.930 - servoName='rightHand.index' now inRequestList
11:37:10.920 - servoName='rightHand.index' not inRequestList any more
11:37:10.925 - servoName='rightHand.index' now inRequestList
11:37:12.014 - servoName='rightHand.index' not inRequestList any more
11:37:12.017 - servoName='rightHand.index' now inRequestList
11:37:13.003 - servoName='rightHand.index' not inRequestList any more
11:37:13.005 - servoName='rightHand.index' now inRequestList
11:37:13.999 - servoName='rightHand.index' not inRequestList any more
11:37:14.000 - servoName='rightHand.index' now inRequestList
11:37:14.995 - servoName='rightHand.index' not inRequestList any more
11:37:14.997 - servoName='rightHand.index' now inRequestList
11:37:15.981 - servoName='rightHand.index' not inRequestList any more
11:37:15.983 - servoName='rightHand.index' now inRequestList
11:37:16.971 - servoName='rightHand.index' not inRequestList any more
11:37:16.973 - servoName='rightHand.index' now inRequestList
11:37:17.964 - servoName='rightHand.index' not inRequestList any more
11:37:17.967 - servoName='rightHand.index' now inRequestList
11:37:19.060 - servoName='rightHand.index' not inRequestList any more
11:37:19.062 - servoName='rightHand.index' now inRequestList
11:37:22.473 - servoName='rightHand.index' not inRequestList any more
11:38:24.094 - servoName='rightHand.index' now inRequestList
11:38:24.569 - servoName='rightHand.index' not inRequestList any more
11:38:24.571 - servoName='rightHand.index' now inRequestList
11:38:25.786 - servoName='rightHand.index' not inRequestList any more
11:38:25.789 - servoName='rightHand.index' now inRequestList
11:38:26.882 - servoName='rightHand.index' not inRequestList any more
11:38:26.885 - servoName='rightHand.index' now inRequestList
11:38:27.873 - servoName='rightHand.index' not inRequestList any more
11:38:27.874 - servoName='rightHand.index' now inRequestList
11:38:28.867 - servoName='rightHand.index' not inRequestList any more
11:38:28.869 - servoName='rightHand.index' now inRequestList
11:38:29.854 - servoName='rightHand.index' not inRequestList any more
11:38:29.856 - servoName='rightHand.index' now inRequestList
11:38:30.850 - servoName='rightHand.index' not inRequestList any more
11:38:30.852 - servoName='rightHand.index' now inRequestList
11:38:31.837 - servoName='rightHand.index' not inRequestList any more
11:38:31.840 - servoName='rightHand.index' now inRequestList
11:38:32.830 - servoName='rightHand.index' not inRequestList any more
11:38:32.833 - servoName='rightHand.index' now inRequestList
11:38:33.923 - servoName='rightHand.index' not inRequestList any more
11:38:33.925 - servoName='rightHand.index' now inRequestList
11:38:34.912 - servoName='rightHand.index' not inRequestList any more
11:38:34.914 - servoName='rightHand.index' now inRequestList
11:38:35.900 - servoName='rightHand.index' not inRequestList any more
11:38:35.906 - servoName='rightHand.index' now inRequestList
11:38:39.320 - servoName='rightHand.index' not inRequestList any more
11:56:01.575 - servoName='leftArm.rotate' now inRequestList
11:56:01.579 - servoName='leftArm.shoulder' now inRequestList
11:56:01.585 - servoName='leftArm.bicep' now inRequestList
11:56:01.589 - servoName='leftArm.omoplate' now inRequestList
11:56:01.592 - servoName='leftHand.thumb' now inRequestList
11:56:01.595 - servoName='leftHand.index' now inRequestList
11:56:01.598 - servoName='leftHand.majeure' now inRequestList
11:56:01.604 - servoName='leftHand.ringFinger' now inRequestList
11:56:01.606 - servoName='leftHand.pinky' now inRequestList
11:56:01.609 - servoName='leftHand.wrist' now inRequestList
11:56:01.612 - servoName='head.eyeX' now inRequestList
11:56:01.615 - servoName='head.eyeY' now inRequestList
11:56:01.617 - servoName='head.rothead' now inRequestList
11:56:01.621 - servoName='head.neck' now inRequestList
11:56:03.633 - servoName='rightArm.bicep' now inRequestList
11:56:03.638 - servoName='rightArm.rotate' now inRequestList
11:56:03.643 - servoName='rightArm.shoulder' now inRequestList
11:56:03.645 - servoName='rightArm.omoplate' now inRequestList
11:56:03.650 - servoName='rightHand.thumb' now inRequestList
11:56:03.652 - servoName='rightHand.index' now inRequestList
11:56:03.655 - servoName='rightHand.majeure' now inRequestList
11:56:03.658 - servoName='rightHand.ringFinger' now inRequestList
11:56:03.661 - servoName='rightHand.pinky' now inRequestList
11:56:03.663 - servoName='rightHand.wrist' now inRequestList
11:56:03.717 - servoName='leftArm.rotate' not inRequestList any more
11:56:03.840 - servoName='leftArm.shoulder' not inRequestList any more
11:56:03.854 - servoName='leftArm.bicep' not inRequestList any more
11:56:03.962 - servoName='leftArm.omoplate' not inRequestList any more
11:56:03.972 - servoName='leftHand.thumb' not inRequestList any more
11:56:04.087 - servoName='leftHand.index' not inRequestList any more
11:56:04.104 - servoName='leftHand.majeure' not inRequestList any more
11:56:04.212 - servoName='leftHand.ringFinger' not inRequestList any more
11:56:04.223 - servoName='leftHand.pinky' not inRequestList any more
11:56:04.337 - servoName='leftHand.wrist' not inRequestList any more
11:56:04.357 - servoName='head.eyeX' not inRequestList any more
11:56:04.462 - servoName='head.eyeY' not inRequestList any more
11:56:04.473 - servoName='head.rothead' not inRequestList any more
11:56:04.514 - servoName='rightArm.bicep' not inRequestList any more
11:56:04.589 - servoName='head.neck' not inRequestList any more
11:56:04.650 - servoName='rightArm.rotate' not inRequestList any more
11:56:04.660 - servoName='rightArm.shoulder' not inRequestList any more
11:56:04.778 - servoName='rightArm.omoplate' not inRequestList any more
11:56:04.795 - servoName='rightHand.thumb' not inRequestList any more
11:56:04.902 - servoName='rightHand.index' not inRequestList any more
11:56:04.912 - servoName='rightHand.majeure' not inRequestList any more
11:56:05.028 - servoName='rightHand.ringFinger' not inRequestList any more
11:56:05.044 - servoName='rightHand.pinky' not inRequestList any more
11:56:05.153 - servoName='rightHand.wrist' not inRequestList any more
11:56:22.310 - servoName='leftArm.rotate' now inRequestList
11:56:22.320 - servoName='leftArm.shoulder' now inRequestList
11:56:22.323 - servoName='leftArm.bicep' now inRequestList
11:56:22.327 - servoName='leftArm.omoplate' now inRequestList
11:56:22.331 - servoName='leftHand.thumb' now inRequestList
11:56:22.335 - servoName='leftHand.index' now inRequestList
11:56:22.337 - servoName='leftHand.majeure' now inRequestList
11:56:22.341 - servoName='leftHand.ringFinger' now inRequestList
11:56:22.345 - servoName='leftHand.pinky' now inRequestList
11:56:22.349 - servoName='leftHand.wrist' now inRequestList
11:56:22.350 - servoName='head.eyeX' now inRequestList
11:56:22.353 - servoName='head.eyeY' now inRequestList
11:56:22.355 - servoName='head.rothead' now inRequestList
11:56:22.357 - servoName='head.neck' now inRequestList
11:56:24.367 - servoName='rightArm.bicep' now inRequestList
11:56:24.373 - servoName='rightArm.rotate' now inRequestList
11:56:24.376 - servoName='rightArm.shoulder' now inRequestList
11:56:24.380 - servoName='rightArm.omoplate' now inRequestList
11:56:24.383 - servoName='rightHand.thumb' now inRequestList
11:56:24.386 - servoName='rightHand.index' now inRequestList
11:56:24.388 - servoName='rightHand.majeure' now inRequestList
11:56:24.392 - servoName='rightHand.ringFinger' now inRequestList
11:56:24.394 - servoName='rightHand.pinky' now inRequestList
11:56:24.396 - servoName='rightHand.wrist' now inRequestList
11:56:24.450 - servoName='leftArm.rotate' not inRequestList any more
11:56:24.573 - servoName='leftArm.shoulder' not inRequestList any more
11:56:24.586 - servoName='leftArm.bicep' not inRequestList any more
11:56:24.701 - servoName='leftArm.omoplate' not inRequestList any more
11:56:24.710 - servoName='leftHand.thumb' not inRequestList any more
11:56:24.826 - servoName='leftHand.index' not inRequestList any more
11:56:24.840 - servoName='leftHand.majeure' not inRequestList any more
11:56:24.948 - servoName='leftHand.ringFinger' not inRequestList any more
11:56:24.959 - servoName='leftHand.pinky' not inRequestList any more
11:56:25.074 - servoName='leftHand.wrist' not inRequestList any more
11:56:25.088 - servoName='head.eyeX' not inRequestList any more
11:56:25.198 - servoName='head.eyeY' not inRequestList any more
11:56:25.209 - servoName='head.rothead' not inRequestList any more
11:56:25.268 - servoName='rightArm.bicep' not inRequestList any more
11:56:25.326 - servoName='head.neck' not inRequestList any more
11:56:25.386 - servoName='rightArm.rotate' not inRequestList any more
11:56:25.396 - servoName='rightArm.shoulder' not inRequestList any more
11:56:25.514 - servoName='rightArm.omoplate' not inRequestList any more
11:56:25.533 - servoName='rightHand.thumb' not inRequestList any more
11:56:25.654 - servoName='rightHand.index' not inRequestList any more
11:56:25.665 - servoName='rightHand.majeure' not inRequestList any more
11:56:25.779 - servoName='rightHand.ringFinger' not inRequestList any more
11:56:25.795 - servoName='rightHand.pinky' not inRequestList any more
11:56:25.903 - servoName='rightHand.wrist' not inRequestList any more
11:56:56.283 - servoName='leftArm.rotate' now inRequestList
11:56:56.287 - servoName='leftArm.shoulder' now inRequestList
11:56:56.289 - servoName='leftArm.bicep' now inRequestList
11:56:56.293 - servoName='leftArm.omoplate' now inRequestList
11:56:56.295 - servoName='leftHand.thumb' now inRequestList
11:56:56.299 - servoName='leftHand.index' now inRequestList
11:56:56.301 - servoName='leftHand.majeure' now inRequestList
11:56:56.305 - servoName='leftHand.ringFinger' now inRequestList
11:56:56.307 - servoName='leftHand.pinky' now inRequestList
11:56:56.309 - servoName='leftHand.wrist' now inRequestList
11:56:56.311 - servoName='head.eyeX' now inRequestList
11:56:56.316 - servoName='head.eyeY' now inRequestList
11:56:56.317 - servoName='head.rothead' now inRequestList
11:56:56.321 - servoName='head.neck' now inRequestList
11:56:58.340 - servoName='rightArm.bicep' now inRequestList
11:56:58.347 - servoName='rightArm.rotate' now inRequestList
11:56:58.349 - servoName='rightArm.shoulder' now inRequestList
11:56:58.355 - servoName='rightArm.omoplate' now inRequestList
11:56:58.357 - servoName='rightHand.thumb' now inRequestList
11:56:58.360 - servoName='rightHand.index' now inRequestList
11:56:58.363 - servoName='rightHand.majeure' now inRequestList
11:56:58.368 - servoName='rightHand.ringFinger' now inRequestList
11:56:58.370 - servoName='rightHand.pinky' now inRequestList
11:56:58.372 - servoName='rightHand.wrist' now inRequestList
11:56:58.487 - servoName='leftArm.rotate' not inRequestList any more
11:56:58.501 - servoName='leftArm.shoulder' not inRequestList any more
11:56:58.613 - servoName='leftArm.bicep' not inRequestList any more
11:56:58.625 - servoName='leftArm.omoplate' not inRequestList any more
11:56:58.739 - servoName='leftHand.thumb' not inRequestList any more
11:56:58.750 - servoName='leftHand.index' not inRequestList any more
11:56:58.866 - servoName='leftHand.majeure' not inRequestList any more
11:56:58.884 - servoName='leftHand.ringFinger' not inRequestList any more
11:56:58.991 - servoName='leftHand.pinky' not inRequestList any more
11:56:59.004 - servoName='leftHand.wrist' not inRequestList any more
11:56:59.119 - servoName='head.eyeX' not inRequestList any more
11:56:59.132 - servoName='head.eyeY' not inRequestList any more
11:56:59.243 - servoName='head.rothead' not inRequestList any more
11:56:59.254 - servoName='head.neck' not inRequestList any more
11:56:59.308 - servoName='rightArm.bicep' not inRequestList any more
11:56:59.320 - servoName='rightArm.rotate' not inRequestList any more
11:56:59.433 - servoName='rightArm.shoulder' not inRequestList any more
11:56:59.443 - servoName='rightArm.omoplate' not inRequestList any more
11:56:59.561 - servoName='rightHand.thumb' not inRequestList any more
11:56:59.581 - servoName='rightHand.index' not inRequestList any more
11:56:59.701 - servoName='rightHand.majeure' not inRequestList any more
11:56:59.710 - servoName='rightHand.ringFinger' not inRequestList any more
11:56:59.828 - servoName='rightHand.pinky' not inRequestList any more
11:56:59.843 - servoName='rightHand.wrist' not inRequestList any more
11:58:36.181 - servoName='leftArm.rotate' now inRequestList
11:58:36.185 - servoName='leftArm.shoulder' now inRequestList
11:58:36.192 - servoName='leftArm.bicep' now inRequestList
11:58:36.195 - servoName='leftArm.omoplate' now inRequestList
11:58:36.197 - servoName='leftHand.thumb' now inRequestList
11:58:36.200 - servoName='leftHand.index' now inRequestList
11:58:36.203 - servoName='leftHand.majeure' now inRequestList
11:58:36.207 - servoName='leftHand.ringFinger' now inRequestList
11:58:36.210 - servoName='leftHand.pinky' now inRequestList
11:58:36.214 - servoName='leftHand.wrist' now inRequestList
11:58:36.218 - servoName='head.eyeX' now inRequestList
11:58:36.221 - servoName='head.eyeY' now inRequestList
11:58:36.223 - servoName='head.rothead' now inRequestList
11:58:36.225 - servoName='head.neck' now inRequestList
11:58:38.240 - servoName='rightArm.bicep' now inRequestList
11:58:38.244 - servoName='rightArm.rotate' now inRequestList
11:58:38.249 - servoName='rightArm.shoulder' now inRequestList
11:58:38.251 - servoName='rightArm.omoplate' now inRequestList
11:58:38.252 - servoName='rightHand.thumb' now inRequestList
11:58:38.254 - servoName='rightHand.index' now inRequestList
11:58:38.257 - servoName='rightHand.majeure' now inRequestList
11:58:38.259 - servoName='rightHand.ringFinger' now inRequestList
11:58:38.263 - servoName='rightHand.pinky' now inRequestList
11:58:38.264 - servoName='rightHand.wrist' now inRequestList
11:58:38.324 - servoName='leftArm.rotate' not inRequestList any more
11:58:38.433 - servoName='leftArm.shoulder' not inRequestList any more
11:58:38.446 - servoName='leftArm.bicep' not inRequestList any more
11:58:38.560 - servoName='leftArm.omoplate' not inRequestList any more
11:58:38.574 - servoName='leftHand.thumb' not inRequestList any more
11:58:38.688 - servoName='leftHand.index' not inRequestList any more
11:58:38.700 - servoName='leftHand.majeure' not inRequestList any more
11:58:38.810 - servoName='leftHand.ringFinger' not inRequestList any more
11:58:38.821 - servoName='leftHand.pinky' not inRequestList any more
11:58:38.935 - servoName='leftHand.wrist' not inRequestList any more
11:58:38.948 - servoName='head.eyeX' not inRequestList any more
11:58:39.058 - servoName='head.eyeY' not inRequestList any more
11:58:39.072 - servoName='head.rothead' not inRequestList any more
11:58:39.127 - servoName='rightArm.bicep' not inRequestList any more
11:58:39.183 - servoName='head.neck' not inRequestList any more
11:58:39.261 - servoName='rightArm.rotate' not inRequestList any more
11:58:39.274 - servoName='rightArm.shoulder' not inRequestList any more
11:58:39.389 - servoName='rightArm.omoplate' not inRequestList any more
11:58:39.405 - servoName='rightHand.thumb' not inRequestList any more
11:58:39.513 - servoName='rightHand.index' not inRequestList any more
11:58:39.525 - servoName='rightHand.majeure' not inRequestList any more
11:58:39.641 - servoName='rightHand.ringFinger' not inRequestList any more
11:58:39.655 - servoName='rightHand.pinky' not inRequestList any more
11:58:39.764 - servoName='rightHand.wrist' not inRequestList any more
11:59:06.256 - servoName='rightHand.ringFinger' now inRequestList
11:59:06.725 - servoName='rightHand.ringFinger' not inRequestList any more
11:59:06.727 - servoName='rightHand.ringFinger' now inRequestList
11:59:07.935 - servoName='rightHand.ringFinger' not inRequestList any more
11:59:07.937 - servoName='rightHand.ringFinger' now inRequestList
11:59:08.928 - servoName='rightHand.ringFinger' not inRequestList any more
11:59:08.932 - servoName='rightHand.ringFinger' now inRequestList
11:59:09.916 - servoName='rightHand.ringFinger' not inRequestList any more
11:59:09.919 - servoName='rightHand.ringFinger' now inRequestList
11:59:10.912 - servoName='rightHand.ringFinger' not inRequestList any more
11:59:10.913 - servoName='rightHand.ringFinger' now inRequestList
11:59:12.012 - servoName='rightHand.ringFinger' not inRequestList any more
11:59:12.014 - servoName='rightHand.ringFinger' now inRequestList
11:59:13.002 - servoName='rightHand.ringFinger' not inRequestList any more
11:59:13.003 - servoName='rightHand.ringFinger' now inRequestList
11:59:14.003 - servoName='rightHand.ringFinger' not inRequestList any more
11:59:14.005 - servoName='rightHand.ringFinger' now inRequestList
11:59:14.991 - servoName='rightHand.ringFinger' not inRequestList any more
11:59:14.996 - servoName='rightHand.ringFinger' now inRequestList
11:59:15.974 - servoName='rightHand.ringFinger' not inRequestList any more
11:59:15.977 - servoName='rightHand.ringFinger' now inRequestList
11:59:16.961 - servoName='rightHand.ringFinger' not inRequestList any more
11:59:16.964 - servoName='rightHand.ringFinger' now inRequestList
11:59:18.059 - servoName='rightHand.ringFinger' not inRequestList any more
11:59:18.062 - servoName='rightHand.ringFinger' now inRequestList
11:59:19.053 - servoName='rightHand.ringFinger' not inRequestList any more
11:59:19.055 - servoName='rightHand.ringFinger' now inRequestList
11:59:20.043 - servoName='rightHand.ringFinger' not inRequestList any more
11:59:20.047 - servoName='rightHand.ringFinger' now inRequestList
11:59:21.034 - servoName='rightHand.ringFinger' not inRequestList any more
11:59:21.035 - servoName='rightHand.ringFinger' now inRequestList
11:59:22.023 - servoName='rightHand.ringFinger' not inRequestList any more
11:59:22.025 - servoName='rightHand.ringFinger' now inRequestList
11:59:23.011 - servoName='rightHand.ringFinger' not inRequestList any more
11:59:23.016 - servoName='rightHand.ringFinger' now inRequestList
11:59:23.996 - servoName='rightHand.ringFinger' not inRequestList any more
11:59:23.997 - servoName='rightHand.ringFinger' now inRequestList
11:59:25.090 - servoName='rightHand.ringFinger' not inRequestList any more
11:59:25.093 - servoName='rightHand.ringFinger' now inRequestList
11:59:26.084 - servoName='rightHand.ringFinger' not inRequestList any more
11:59:26.087 - servoName='rightHand.ringFinger' now inRequestList
11:59:27.078 - servoName='rightHand.ringFinger' not inRequestList any more
11:59:27.079 - servoName='rightHand.ringFinger' now inRequestList
11:59:28.067 - servoName='rightHand.ringFinger' not inRequestList any more
11:59:28.069 - servoName='rightHand.ringFinger' now inRequestList
11:59:29.055 - servoName='rightHand.ringFinger' not inRequestList any more
11:59:29.057 - servoName='rightHand.ringFinger' now inRequestList
11:59:30.043 - servoName='rightHand.ringFinger' not inRequestList any more
11:59:30.045 - servoName='rightHand.ringFinger' now inRequestList
11:59:31.148 - servoName='rightHand.ringFinger' not inRequestList any more
11:59:31.150 - servoName='rightHand.ringFinger' now inRequestList
11:59:32.139 - servoName='rightHand.ringFinger' not inRequestList any more
11:59:32.141 - servoName='rightHand.ringFinger' now inRequestList
11:59:33.126 - servoName='rightHand.ringFinger' not inRequestList any more
11:59:33.130 - servoName='rightHand.ringFinger' now inRequestList
11:59:34.114 - servoName='rightHand.ringFinger' not inRequestList any more
11:59:34.119 - servoName='rightHand.ringFinger' now inRequestList
11:59:35.101 - servoName='rightHand.ringFinger' not inRequestList any more
11:59:35.105 - servoName='rightHand.ringFinger' now inRequestList
11:59:36.093 - servoName='rightHand.ringFinger' not inRequestList any more
11:59:36.096 - servoName='rightHand.ringFinger' now inRequestList
11:59:37.090 - servoName='rightHand.ringFinger' not inRequestList any more
11:59:37.093 - servoName='rightHand.ringFinger' now inRequestList
11:59:38.188 - servoName='rightHand.ringFinger' not inRequestList any more
11:59:38.191 - servoName='rightHand.ringFinger' now inRequestList
11:59:39.176 - servoName='rightHand.ringFinger' not inRequestList any more
11:59:39.177 - servoName='rightHand.ringFinger' now inRequestList
11:59:42.678 - servoName='rightHand.ringFinger' not inRequestList any more
11:59:47.148 - servoName='rightHand.majeure' now inRequestList
11:59:47.729 - servoName='rightHand.majeure' not inRequestList any more
11:59:47.731 - servoName='rightHand.majeure' now inRequestList
11:59:49.165 - servoName='rightHand.majeure' not inRequestList any more
11:59:49.167 - servoName='rightHand.majeure' now inRequestList
11:59:51.146 - servoName='rightHand.majeure' not inRequestList any more
11:59:51.148 - servoName='rightHand.majeure' now inRequestList
11:59:52.138 - servoName='rightHand.majeure' not inRequestList any more
11:59:52.141 - servoName='rightHand.majeure' now inRequestList
11:59:53.132 - servoName='rightHand.majeure' not inRequestList any more
11:59:53.134 - servoName='rightHand.majeure' now inRequestList
11:59:54.124 - servoName='rightHand.majeure' not inRequestList any more
11:59:54.126 - servoName='rightHand.majeure' now inRequestList
11:59:55.226 - servoName='rightHand.majeure' not inRequestList any more
11:59:55.230 - servoName='rightHand.majeure' now inRequestList
11:59:57.210 - servoName='rightHand.majeure' not inRequestList any more
11:59:57.213 - servoName='rightHand.majeure' now inRequestList
11:59:58.209 - servoName='rightHand.majeure' not inRequestList any more
11:59:58.214 - servoName='rightHand.majeure' now inRequestList
11:59:59.195 - servoName='rightHand.majeure' not inRequestList any more
11:59:59.197 - servoName='rightHand.majeure' now inRequestList
12:00:00.187 - servoName='rightHand.majeure' not inRequestList any more
12:00:00.191 - servoName='rightHand.majeure' now inRequestList
12:00:01.176 - servoName='rightHand.majeure' not inRequestList any more
12:00:01.177 - servoName='rightHand.majeure' now inRequestList
12:00:02.174 - servoName='rightHand.majeure' not inRequestList any more
12:00:02.175 - servoName='rightHand.majeure' now inRequestList
12:00:04.714 - servoName='rightHand.majeure' not inRequestList any more
13:06:08.836 - servoName='rightHand.ringFinger' now inRequestList
13:07:48.378 - servoName='rightHand.ringFinger' not inRequestList any more
13:07:50.921 - servoName='leftArm.rotate' now inRequestList
13:07:50.926 - servoName='leftArm.shoulder' now inRequestList
13:07:50.928 - servoName='leftArm.bicep' now inRequestList
13:07:50.930 - servoName='leftArm.omoplate' now inRequestList
13:07:50.933 - servoName='leftHand.thumb' now inRequestList
13:07:50.935 - servoName='leftHand.index' now inRequestList
13:07:50.937 - servoName='leftHand.majeure' now inRequestList
13:07:50.941 - servoName='leftHand.ringFinger' now inRequestList
13:07:50.945 - servoName='leftHand.pinky' now inRequestList
13:07:50.946 - servoName='leftHand.wrist' now inRequestList
13:07:50.949 - servoName='head.eyeX' now inRequestList
13:07:50.952 - servoName='head.eyeY' now inRequestList
13:07:50.954 - servoName='head.rothead' now inRequestList
13:07:50.959 - servoName='head.neck' now inRequestList
13:07:52.976 - servoName='rightArm.bicep' now inRequestList
13:07:52.981 - servoName='rightArm.rotate' now inRequestList
13:07:52.985 - servoName='rightArm.shoulder' now inRequestList
13:07:52.988 - servoName='rightArm.omoplate' now inRequestList
13:07:52.993 - servoName='rightHand.thumb' now inRequestList
13:07:52.995 - servoName='rightHand.index' now inRequestList
13:07:52.999 - servoName='rightHand.majeure' now inRequestList
13:07:53.006 - servoName='rightHand.ringFinger' now inRequestList
13:07:53.009 - servoName='rightHand.pinky' now inRequestList
13:07:53.012 - servoName='rightHand.wrist' now inRequestList
13:07:53.107 - servoName='leftArm.rotate' not inRequestList any more
13:07:53.118 - servoName='leftArm.shoulder' not inRequestList any more
13:07:53.234 - servoName='leftArm.bicep' not inRequestList any more
13:07:53.252 - servoName='leftArm.omoplate' not inRequestList any more
13:07:53.355 - servoName='leftHand.thumb' not inRequestList any more
13:07:53.367 - servoName='leftHand.index' not inRequestList any more
13:07:53.485 - servoName='leftHand.majeure' not inRequestList any more
13:07:53.500 - servoName='leftHand.ringFinger' not inRequestList any more
13:07:53.608 - servoName='leftHand.pinky' not inRequestList any more
13:07:53.619 - servoName='leftHand.wrist' not inRequestList any more
13:07:53.734 - servoName='head.eyeX' not inRequestList any more
13:07:53.753 - servoName='head.eyeY' not inRequestList any more
13:07:53.856 - servoName='head.rothead' not inRequestList any more
13:07:53.867 - servoName='head.neck' not inRequestList any more
13:07:53.937 - servoName='rightArm.bicep' not inRequestList any more
13:07:53.954 - servoName='rightArm.rotate' not inRequestList any more
13:07:54.073 - servoName='rightArm.shoulder' not inRequestList any more
13:07:54.082 - servoName='rightArm.omoplate' not inRequestList any more
13:07:54.199 - servoName='rightHand.thumb' not inRequestList any more
13:07:54.215 - servoName='rightHand.index' not inRequestList any more
13:07:54.324 - servoName='rightHand.majeure' not inRequestList any more
13:07:54.335 - servoName='rightHand.ringFinger' not inRequestList any more
13:07:54.450 - servoName='rightHand.pinky' not inRequestList any more
13:07:54.468 - servoName='rightHand.wrist' not inRequestList any more
13:08:02.501 - servoName='rightHand.ringFinger' now inRequestList
13:08:03.585 - servoName='rightHand.ringFinger' not inRequestList any more
13:08:05.597 - servoName='rightHand.ringFinger' now inRequestList
13:08:06.009 - servoName='rightHand.ringFinger' not inRequestList any more
13:08:06.010 - servoName='rightHand.ringFinger' now inRequestList
13:08:07.328 - servoName='rightHand.ringFinger' not inRequestList any more
13:08:07.331 - servoName='rightHand.ringFinger' now inRequestList
13:08:08.327 - servoName='rightHand.ringFinger' not inRequestList any more
13:08:08.329 - servoName='rightHand.ringFinger' now inRequestList
13:08:09.319 - servoName='rightHand.ringFinger' not inRequestList any more
13:08:09.323 - servoName='rightHand.ringFinger' now inRequestList
13:08:10.308 - servoName='rightHand.ringFinger' not inRequestList any more
13:08:10.311 - servoName='rightHand.ringFinger' now inRequestList
13:08:11.294 - servoName='rightHand.ringFinger' not inRequestList any more
13:08:11.297 - servoName='rightHand.ringFinger' now inRequestList
13:08:12.282 - servoName='rightHand.ringFinger' not inRequestList any more
13:08:12.287 - servoName='rightHand.ringFinger' now inRequestList
13:08:13.274 - servoName='rightHand.ringFinger' not inRequestList any more
13:08:13.275 - servoName='rightHand.ringFinger' now inRequestList
13:08:14.374 - servoName='rightHand.ringFinger' not inRequestList any more
13:08:14.375 - servoName='rightHand.ringFinger' now inRequestList
13:08:15.365 - servoName='rightHand.ringFinger' not inRequestList any more
13:08:15.366 - servoName='rightHand.ringFinger' now inRequestList
13:08:16.357 - servoName='rightHand.ringFinger' not inRequestList any more
13:08:16.360 - servoName='rightHand.ringFinger' now inRequestList
13:08:17.345 - servoName='rightHand.ringFinger' not inRequestList any more
13:08:17.348 - servoName='rightHand.ringFinger' now inRequestList
13:08:20.528 - servoName='rightHand.ringFinger' not inRequestList any more
13:08:35.540 - servoName='leftArm.rotate' now inRequestList
13:08:35.547 - servoName='leftArm.shoulder' now inRequestList
13:08:35.553 - servoName='leftArm.bicep' now inRequestList
13:08:35.559 - servoName='leftArm.omoplate' now inRequestList
13:08:35.561 - servoName='leftHand.thumb' now inRequestList
13:08:35.567 - servoName='leftHand.index' now inRequestList
13:08:35.569 - servoName='leftHand.majeure' now inRequestList
13:08:35.572 - servoName='leftHand.ringFinger' now inRequestList
13:08:35.575 - servoName='leftHand.pinky' now inRequestList
13:08:35.577 - servoName='leftHand.wrist' now inRequestList
13:08:35.583 - servoName='head.eyeX' now inRequestList
13:08:35.588 - servoName='head.eyeY' now inRequestList
13:08:35.591 - servoName='head.rothead' now inRequestList
13:08:35.595 - servoName='head.neck' now inRequestList
13:08:37.595 - servoName='rightArm.bicep' now inRequestList
13:08:37.598 - servoName='rightArm.rotate' now inRequestList
13:08:37.604 - servoName='rightArm.shoulder' now inRequestList
13:08:37.608 - servoName='rightArm.omoplate' now inRequestList
13:08:37.610 - servoName='rightHand.thumb' now inRequestList
13:08:37.613 - servoName='rightHand.index' now inRequestList
13:08:37.614 - servoName='rightHand.majeure' now inRequestList
13:08:37.617 - servoName='rightHand.ringFinger' now inRequestList
13:08:37.619 - servoName='rightHand.pinky' now inRequestList
13:08:37.623 - servoName='rightHand.wrist' now inRequestList
13:08:37.693 - servoName='leftArm.rotate' not inRequestList any more
13:08:37.805 - servoName='leftArm.shoulder' not inRequestList any more
13:08:37.823 - servoName='leftArm.bicep' not inRequestList any more
13:08:37.927 - servoName='leftArm.omoplate' not inRequestList any more
13:08:37.942 - servoName='leftHand.thumb' not inRequestList any more
13:08:38.053 - servoName='leftHand.index' not inRequestList any more
13:08:38.063 - servoName='leftHand.majeure' not inRequestList any more
13:08:38.180 - servoName='leftHand.ringFinger' not inRequestList any more
13:08:38.200 - servoName='leftHand.pinky' not inRequestList any more
13:08:38.305 - servoName='leftHand.wrist' not inRequestList any more
13:08:38.314 - servoName='head.eyeX' not inRequestList any more
13:08:38.432 - servoName='head.eyeY' not inRequestList any more
13:08:38.453 - servoName='head.rothead' not inRequestList any more
13:08:38.497 - servoName='rightArm.bicep' not inRequestList any more
13:08:38.554 - servoName='head.neck' not inRequestList any more
13:08:38.617 - servoName='rightArm.rotate' not inRequestList any more
13:08:38.629 - servoName='rightArm.shoulder' not inRequestList any more
13:08:38.743 - servoName='rightArm.omoplate' not inRequestList any more
13:08:38.756 - servoName='rightHand.thumb' not inRequestList any more
13:08:38.867 - servoName='rightHand.index' not inRequestList any more
13:08:38.883 - servoName='rightHand.majeure' not inRequestList any more
13:08:38.993 - servoName='rightHand.ringFinger' not inRequestList any more
13:08:39.003 - servoName='rightHand.pinky' not inRequestList any more
13:08:39.136 - servoName='rightHand.wrist' not inRequestList any more
13:08:54.468 - servoName='leftArm.rotate' now inRequestList
13:08:54.472 - servoName='leftArm.shoulder' now inRequestList
13:08:54.478 - servoName='leftArm.bicep' now inRequestList
13:08:54.481 - servoName='leftArm.omoplate' now inRequestList
13:08:54.483 - servoName='leftHand.thumb' now inRequestList
13:08:54.485 - servoName='leftHand.index' now inRequestList
13:08:54.488 - servoName='leftHand.majeure' now inRequestList
13:08:54.495 - servoName='leftHand.ringFinger' now inRequestList
13:08:54.496 - servoName='leftHand.pinky' now inRequestList
13:08:54.499 - servoName='leftHand.wrist' now inRequestList
13:08:54.503 - servoName='head.eyeX' now inRequestList
13:08:54.507 - servoName='head.eyeY' now inRequestList
13:08:54.511 - servoName='head.rothead' now inRequestList
13:08:54.512 - servoName='head.neck' now inRequestList
13:08:56.532 - servoName='rightArm.bicep' now inRequestList
13:08:56.538 - servoName='rightArm.rotate' now inRequestList
13:08:56.543 - servoName='rightArm.shoulder' now inRequestList
13:08:56.549 - servoName='rightArm.omoplate' now inRequestList
13:08:56.551 - servoName='rightHand.thumb' now inRequestList
13:08:56.558 - servoName='rightHand.index' now inRequestList
13:08:56.559 - servoName='rightHand.majeure' now inRequestList
13:08:56.564 - servoName='rightHand.ringFinger' now inRequestList
13:08:56.569 - servoName='rightHand.pinky' now inRequestList
13:08:56.572 - servoName='rightHand.wrist' now inRequestList
13:08:56.677 - servoName='leftArm.rotate' not inRequestList any more
13:08:56.687 - servoName='leftArm.shoulder' not inRequestList any more
13:08:56.801 - servoName='leftArm.bicep' not inRequestList any more
13:08:56.819 - servoName='leftArm.omoplate' not inRequestList any more
13:08:56.926 - servoName='leftHand.thumb' not inRequestList any more
13:08:56.938 - servoName='leftHand.index' not inRequestList any more
13:08:57.054 - servoName='leftHand.majeure' not inRequestList any more
13:08:57.072 - servoName='leftHand.ringFinger' not inRequestList any more
13:08:57.177 - servoName='leftHand.pinky' not inRequestList any more
13:08:57.188 - servoName='leftHand.wrist' not inRequestList any more
13:08:57.305 - servoName='head.eyeX' not inRequestList any more
13:08:57.323 - servoName='head.eyeY' not inRequestList any more
13:08:57.428 - servoName='head.rothead' not inRequestList any more
13:08:57.444 - servoName='head.neck' not inRequestList any more
13:08:57.491 - servoName='rightArm.bicep' not inRequestList any more
13:08:57.504 - servoName='rightArm.rotate' not inRequestList any more
13:08:57.613 - servoName='rightArm.shoulder' not inRequestList any more
13:08:57.627 - servoName='rightArm.omoplate' not inRequestList any more
13:08:57.740 - servoName='rightHand.thumb' not inRequestList any more
13:08:57.757 - servoName='rightHand.index' not inRequestList any more
13:08:57.879 - servoName='rightHand.majeure' not inRequestList any more
13:08:57.889 - servoName='rightHand.ringFinger' not inRequestList any more
13:08:58.006 - servoName='rightHand.pinky' not inRequestList any more
13:08:58.024 - servoName='rightHand.wrist' not inRequestList any more
